c:\users\1\onedrive\ss2023\cse472\project\term project\termproject\termproject\x64\debug\termproject.pch
c:\users\1\onedrive\ss2023\cse472\project\term project\termproject\termproject\x64\debug\vc143.pdb
c:\users\1\onedrive\ss2023\cse472\project\term project\termproject\termproject\x64\debug\vc143.idb
c:\users\1\onedrive\ss2023\cse472\project\term project\termproject\termproject\x64\debug\pch.obj
c:\users\1\onedrive\ss2023\cse472\project\term project\termproject\termproject\x64\debug\termproject.obj
c:\users\1\onedrive\ss2023\cse472\project\term project\termproject\termproject\x64\debug\mainfrm.obj
c:\users\1\onedrive\ss2023\cse472\project\term project\termproject\termproject\x64\debug\openglwnd.obj
c:\users\1\onedrive\ss2023\cse472\project\term project\termproject\termproject\x64\debug\grtexture.obj
c:\users\1\onedrive\ss2023\cse472\project\term project\termproject\termproject\x64\debug\grcamera.obj
c:\users\1\onedrive\ss2023\cse472\project\term project\termproject\termproject\x64\debug\childview.obj
c:\users\1\onedrive\ss2023\cse472\project\term project\termproject\termproject\x64\debug\particlegenerator.obj
c:\users\1\onedrive\ss2023\cse472\project\term project\termproject\termproject\x64\debug\particleemitter.obj
c:\users\1\onedrive\ss2023\cse472\project\term project\termproject\termproject\x64\debug\particle.obj
c:\users\1\onedrive\ss2023\cse472\project\term project\termproject\x64\debug\termproject.exe
c:\users\1\onedrive\ss2023\cse472\project\term project\termproject\termproject\x64\debug\termproject.ilk
c:\users\1\onedrive\ss2023\cse472\project\term project\termproject\x64\debug\termproject.pdb
c:\users\1\onedrive\ss2023\cse472\project\term project\termproject\termproject\x64\debug\termproject.res
c:\users\1\onedrive\ss2023\cse472\project\term project\termproject\termproject\x64\debug\termproject.tlog\cl.command.1.tlog
c:\users\1\onedrive\ss2023\cse472\project\term project\termproject\termproject\x64\debug\termproject.tlog\cl.read.1.tlog
c:\users\1\onedrive\ss2023\cse472\project\term project\termproject\termproject\x64\debug\termproject.tlog\cl.write.1.tlog
c:\users\1\onedrive\ss2023\cse472\project\term project\termproject\termproject\x64\debug\termproject.tlog\link.command.1.tlog
c:\users\1\onedrive\ss2023\cse472\project\term project\termproject\termproject\x64\debug\termproject.tlog\link.read.1.tlog
c:\users\1\onedrive\ss2023\cse472\project\term project\termproject\termproject\x64\debug\termproject.tlog\link.write.1.tlog
c:\users\1\onedrive\ss2023\cse472\project\term project\termproject\termproject\x64\debug\termproject.tlog\rc.command.1.tlog
c:\users\1\onedrive\ss2023\cse472\project\term project\termproject\termproject\x64\debug\termproject.tlog\rc.read.1.tlog
c:\users\1\onedrive\ss2023\cse472\project\term project\termproject\termproject\x64\debug\termproject.tlog\rc.write.1.tlog
